{
  "RSpec": {
    "coverage": {
      "/Users/Sara/Projects/MAKERS/6. MakersBnB/makersbnb/spec/features/01_add_listing_spec.rb": [
        1,
        null,
        1,
        null,
        1,
        null,
        1,
        1,
        1,
        1,
        null,
        null,
        null
      ],
      "/Users/Sara/Projects/MAKERS/6. MakersBnB/makersbnb/spec/new_listing_spec.rb": [
        null,
        1,
        1,
        1,
        null,
        null,
        null,
        1,
        null,
        1,
        1,
        1,
        1,
        1,
        null,
        null,
        null
      ]
    },
    "timestamp": 1574249878
  }
}
