{
  "RSpec": {
    "coverage": {
      "/Users/student/Desktop/gitprojects/makersBnB/makersbnb/spec/features/01_add_listing_spec.rb": [
        1,
        null,
        1,
        1,
        1,
        1,
        1,
        1,
        null,
        null
      ],
      "/Users/student/Desktop/gitprojects/makersBnB/makersbnb/spec/listing_spec.rb": [
        1,
        null,
        1,
        null,
        1,
        1,
        1,
        1,
        1,
        1,
        1,
        null,
        null,
        null,
        null,
        null
      ],
      "/Users/student/Desktop/gitprojects/makersBnB/makersbnb/spec/new_listing_spec.rb": [
        null,
        1,
        1,
        1,
        null,
        null,
        null,
        1,
        null,
        1,
        1,
        1,
        1,
        1,
        null,
        null,
        null
      ]
    },
    "timestamp": 1574248211
  }
}
